<?xml version="1.0" encoding="UTF-8"?>
<testsuite name="clj-assorted-utils.test.java-utils" errors="0" failures="0" tests="22" time="0.1967" timestamp="2021-04-11_11:35:20+0200">
    <testcase name="check-for-non-eval-on-read-set" classname="clj-assorted-utils.test.java-utils" time="0.0032">
    </testcase>
    <testcase name="read-clojure-data-structure-string-to-java-list-type-safe" classname="clj-assorted-utils.test.java-utils" time="0.0011">
    </testcase>
    <testcase name="read-clojure-data-structure-string-to-java-map" classname="clj-assorted-utils.test.java-utils" time="0.0039">
    </testcase>
    <testcase name="read-clojure-data-structure-string-to-java-map-type-safe" classname="clj-assorted-utils.test.java-utils" time="0.0019">
    </testcase>
    <testcase name="read-clojure-data-structure-string-to-java-list-2" classname="clj-assorted-utils.test.java-utils" time="0.0011">
    </testcase>
    <testcase name="convert-from-clojure-to-java-map-test" classname="clj-assorted-utils.test.java-utils" time="0.0009">
    </testcase>
    <testcase name="read-clojure-data-structure-string-to-java-map-type-safe-2" classname="clj-assorted-utils.test.java-utils" time="0.0011">
    </testcase>
    <testcase name="read-clojure-data-structure-string-to-java-list-type-safe-2" classname="clj-assorted-utils.test.java-utils" time="0.0011">
    </testcase>
    <testcase name="check-for-non-eval-on-read-map" classname="clj-assorted-utils.test.java-utils" time="0.0005">
    </testcase>
    <testcase name="check-for-non-eval-on-read-list" classname="clj-assorted-utils.test.java-utils" time="0.0007">
    </testcase>
    <testcase name="read-clojure-data-structure-string-to-java-list-type-safe-nil" classname="clj-assorted-utils.test.java-utils" time="0.0024">
    </testcase>
    <testcase name="check-for-non-eval-on-read-object" classname="clj-assorted-utils.test.java-utils" time="0.0020">
    </testcase>
    <testcase name="read-clojure-data-structure-string-to-java-set" classname="clj-assorted-utils.test.java-utils" time="0.0025">
    </testcase>
    <testcase name="read-clojure-data-structure-string-to-java-set-type-safe" classname="clj-assorted-utils.test.java-utils" time="0.0028">
    </testcase>
    <testcase name="read-clojure-data-structure-string-to-java-list" classname="clj-assorted-utils.test.java-utils" time="0.0012">
    </testcase>
    <testcase name="read-clojure-data-structure-string-to-java-set-type-safe-nil" classname="clj-assorted-utils.test.java-utils" time="0.0007">
    </testcase>
    <testcase name="read-clojure-data-structure-string-to-java-vector" classname="clj-assorted-utils.test.java-utils" time="0.0010">
    </testcase>
    <testcase name="read-clojure-data-structure-string-to-java-map-type-safe-nil" classname="clj-assorted-utils.test.java-utils" time="0.0006">
    </testcase>
    <testcase name="read-clojure-data-structure-string-to-java-vector-type-safe" classname="clj-assorted-utils.test.java-utils" time="0.0011">
    </testcase>
    <testcase name="convert-from-clojure-to-java-list-test" classname="clj-assorted-utils.test.java-utils" time="0.0010">
    </testcase>
    <testcase name="read-clojure-data-structure-string-to-java-vector-type-safe-nil" classname="clj-assorted-utils.test.java-utils" time="0.0008">
    </testcase>
    <testcase name="read-clojure-data-structure-string-to-java-set-type-safe-2" classname="clj-assorted-utils.test.java-utils" time="0.0017">
    </testcase>
    <system-err>
    </system-err>
    <system-out>
    </system-out>
    <properties>
[...]
</properties>
</testsuite>
