<?xml version="1.0" encoding="UTF-8"?>
<testsuite name="clj-assorted-utils.test.util" errors="0" failures="0" tests="82" time="4.7413" timestamp="2017-05-26_00:45:17+0200">
    <testcase name="convert-from-clojure-to-java-nested-vector-test" classname="clj-assorted-utils.test.util" time="0.0026">
    </testcase>
    <testcase name="test-exec-with-out" classname="clj-assorted-utils.test.util" time="0.1634">
    </testcase>
    <testcase name="simple-str-to-file-without-newline-test" classname="clj-assorted-utils.test.util" time="0.0053">
    </testcase>
    <testcase name="test-int-to-byte-vector" classname="clj-assorted-utils.test.util" time="0.0007">
    </testcase>
    <testcase name="get-with-default-key-does-not-exist-test" classname="clj-assorted-utils.test.util" time="0.0009">
    </testcase>
    <testcase name="with-out-str-custom-nil-test" classname="clj-assorted-utils.test.util" time="0.0013">
    </testcase>
    <testcase name="get-property-test" classname="clj-assorted-utils.test.util" time="0.0003">
    </testcase>
    <testcase name="test-compress-object-to-byte-array" classname="clj-assorted-utils.test.util" time="0.0068">
    </testcase>
    <testcase name="test-fn-name" classname="clj-assorted-utils.test.util" time="0.0009">
    </testcase>
    <testcase name="with-out-str-custom-single-println-test" classname="clj-assorted-utils.test.util" time="0.0012">
    </testcase>
    <testcase name="with-out-str-custom-double-print-test" classname="clj-assorted-utils.test.util" time="0.0012">
    </testcase>
    <testcase name="test-exec-with-out-process-output-2" classname="clj-assorted-utils.test.util" time="0.1032">
    </testcase>
    <testcase name="reduce-selected-map-entries-sum-test" classname="clj-assorted-utils.test.util" time="0.0010">
    </testcase>
    <testcase name="get-with-default-key-exists-test" classname="clj-assorted-utils.test.util" time="0.0025">
    </testcase>
    <testcase name="with-eo-str-test" classname="clj-assorted-utils.test.util" time="0.0049">
    </testcase>
    <testcase name="reduce-selected-map-entries-concat-string-test" classname="clj-assorted-utils.test.util" time="0.0005">
    </testcase>
    <testcase name="test-file-exists" classname="clj-assorted-utils.test.util" time="0.0016">
    </testcase>
    <testcase name="counter-invalid-operation-test" classname="clj-assorted-utils.test.util" time="0.0005">
    </testcase>
    <testcase name="convert-from-clojure-to-java-map-test" classname="clj-assorted-utils.test.util" time="0.0006">
    </testcase>
    <testcase name="test-xml-string-to-map-stringified" classname="clj-assorted-utils.test.util" time="0.0250">
    </testcase>
    <testcase name="test-stringify-map" classname="clj-assorted-utils.test.util" time="0.0006">
    </testcase>
    <testcase name="flag-set" classname="clj-assorted-utils.test.util" time="0.0004">
    </testcase>
    <testcase name="with-out-str-custom-manipulated-string-test" classname="clj-assorted-utils.test.util" time="0.0020">
    </testcase>
    <testcase name="convert-from-clojure-to-java-nested-set-test" classname="clj-assorted-utils.test.util" time="0.0010">
    </testcase>
    <testcase name="with-out-str-custom-single-print-test" classname="clj-assorted-utils.test.util" time="0.0011">
    </testcase>
    <testcase name="test-set-flag-twice" classname="clj-assorted-utils.test.util" time="0.0004">
    </testcase>
    <testcase name="with-out-str-custom-double-println-test" classname="clj-assorted-utils.test.util" time="0.0011">
    </testcase>
    <testcase name="counter-convenience-test-custom-fn" classname="clj-assorted-utils.test.util" time="0.0187">
    </testcase>
    <testcase name="test-exists" classname="clj-assorted-utils.test.util" time="0.0007">
    </testcase>
    <testcase name="two-counters-delta-counter-test" classname="clj-assorted-utils.test.util" time="0.0031">
    </testcase>
    <testcase name="test-byte-seq-to-int" classname="clj-assorted-utils.test.util" time="0.0003">
    </testcase>
    <testcase name="process-line-by-line-test2" classname="clj-assorted-utils.test.util" time="0.0015">
    </testcase>
    <testcase name="test-get-int-from-byte-vector" classname="clj-assorted-utils.test.util" time="0.0004">
    </testcase>
    <testcase name="await-flag-test" classname="clj-assorted-utils.test.util" time="0.2031">
    </testcase>
    <testcase name="with-err-str-custom-single-print-test" classname="clj-assorted-utils.test.util" time="0.0017">
    </testcase>
    <testcase name="get-classname" classname="clj-assorted-utils.test.util" time="0.0004">
    </testcase>
    <testcase name="flag-not-set" classname="clj-assorted-utils.test.util" time="0.0004">
    </testcase>
    <testcase name="is-os-test" classname="clj-assorted-utils.test.util" time="0.0003">
    </testcase>
    <testcase name="test-object-to-byte-array" classname="clj-assorted-utils.test.util" time="0.0010">
    </testcase>
    <testcase name="simple-str-to-file-append-test" classname="clj-assorted-utils.test.util" time="0.0024">
    </testcase>
    <testcase name="fifo-write-and-read-repeatedly-test" classname="clj-assorted-utils.test.util" time="0.2052">
    </testcase>
    <testcase name="counter-convenience-test" classname="clj-assorted-utils.test.util" time="0.0247">
    </testcase>
    <testcase name="counter-with-initial-value-test" classname="clj-assorted-utils.test.util" time="0.0107">
    </testcase>
    <testcase name="test-exec-with-out-process-output" classname="clj-assorted-utils.test.util" time="0.1017">
    </testcase>
    <testcase name="test-dir-exists" classname="clj-assorted-utils.test.util" time="0.0027">
    </testcase>
    <testcase name="print-err-no-stdout-test" classname="clj-assorted-utils.test.util" time="0.0026">
    </testcase>
    <testcase name="with-err-str-cb-double-println-test" classname="clj-assorted-utils.test.util" time="0.0021">
    </testcase>
    <testcase name="process-line-by-line-test" classname="clj-assorted-utils.test.util" time="0.0011">
    </testcase>
    <testcase name="print-err-test" classname="clj-assorted-utils.test.util" time="0.0004">
    </testcase>
    <testcase name="mkdir-rmdir" classname="clj-assorted-utils.test.util" time="0.0011">
    </testcase>
    <testcase name="get-defn-arglists-multi-arity-test" classname="clj-assorted-utils.test.util" time="0.0006">
    </testcase>
    <testcase name="simple-map-to-file-test" classname="clj-assorted-utils.test.util" time="0.0056">
    </testcase>
    <testcase name="close-and-re-open-fifo-writer-test" classname="clj-assorted-utils.test.util" time="0.5048">
    </testcase>
    <testcase name="await-flag-n-test" classname="clj-assorted-utils.test.util" time="0.6023">
    </testcase>
    <testcase name="counter-convenience-test-init-value-decrementing" classname="clj-assorted-utils.test.util" time="0.0131">
    </testcase>
    <testcase name="simple-str-list-to-file-test" classname="clj-assorted-utils.test.util" time="0.0017">
    </testcase>
    <testcase name="touch-rm" classname="clj-assorted-utils.test.util" time="0.0012">
    </testcase>
    <testcase name="convert-from-clojure-to-java-set-test" classname="clj-assorted-utils.test.util" time="0.0006">
    </testcase>
    <testcase name="test-is-dir" classname="clj-assorted-utils.test.util" time="0.0006">
    </testcase>
    <testcase name="reduce-selected-map-entries-sum-nil-test" classname="clj-assorted-utils.test.util" time="0.0003">
    </testcase>
    <testcase name="simple-fifo-str-to-file-test" classname="clj-assorted-utils.test.util" time="0.1027">
    </testcase>
    <testcase name="test-simple-executor" classname="clj-assorted-utils.test.util" time="0.3015">
    </testcase>
    <testcase name="simple-str-to-file-no-append-test" classname="clj-assorted-utils.test.util" time="0.0065">
    </testcase>
    <testcase name="get-fn-arglists-mulit-arity-test" classname="clj-assorted-utils.test.util" time="0.0034">
    </testcase>
    <testcase name="test-xml-string-to-map" classname="clj-assorted-utils.test.util" time="0.0013">
    </testcase>
    <testcase name="test-repeating-executor-2" classname="clj-assorted-utils.test.util" time="1.1051">
    </testcase>
    <testcase name="reduce-selected-map-entries-concat-string-nil-test" classname="clj-assorted-utils.test.util" time="0.0005">
    </testcase>
    <testcase name="counter-test" classname="clj-assorted-utils.test.util" time="0.0123">
    </testcase>
    <testcase name="test-vec-replace" classname="clj-assorted-utils.test.util" time="0.0003">
    </testcase>
    <testcase name="println-err-test" classname="clj-assorted-utils.test.util" time="0.0004">
    </testcase>
    <testcase name="with-out-str-cb-double-println-test" classname="clj-assorted-utils.test.util" time="0.0011">
    </testcase>
    <testcase name="simple-delta-counter-test" classname="clj-assorted-utils.test.util" time="0.0012">
    </testcase>
    <testcase name="test-stringify-keyword" classname="clj-assorted-utils.test.util" time="0.0003">
    </testcase>
    <testcase name="get-fn-arglists-test" classname="clj-assorted-utils.test.util" time="0.0013">
    </testcase>
    <testcase name="get-defn-arglists-test" classname="clj-assorted-utils.test.util" time="0.0007">
    </testcase>
    <testcase name="convert-from-clojure-to-java-nested-map-test" classname="clj-assorted-utils.test.util" time="0.0018">
    </testcase>
    <testcase name="simple-str-to-file-with-newline-test" classname="clj-assorted-utils.test.util" time="0.0042">
    </testcase>
    <testcase name="test-repeating-executor" classname="clj-assorted-utils.test.util" time="1.1047">
    </testcase>
    <testcase name="test-is-file" classname="clj-assorted-utils.test.util" time="0.0008">
    </testcase>
    <testcase name="convert-from-clojure-to-java-list-test" classname="clj-assorted-utils.test.util" time="0.0007">
    </testcase>
    <testcase name="test-change-int-in-byte-vector" classname="clj-assorted-utils.test.util" time="0.0004">
    </testcase>
    <testcase name="convert-from-clojure-to-java-vector-test" classname="clj-assorted-utils.test.util" time="0.0007">
    </testcase>
    <system-err>
foo    </system-err>
    <system-out>
foo    </system-out>
    <properties>
[...]
</properties>
</testsuite>
